18097770610:ENCOLADO ans_36b166c8-523f-4f79-bbee-130b568c0daf
EJECUTANDO:ans_36b166c8-523f-4f79-bbee-130b568c0daf
18097770610:SUCCESS
18097770610:ENCOLADO ans_88fab26e-7cf3-4d4e-80db-185094ea1cef
EJECUTANDO:ans_88fab26e-7cf3-4d4e-80db-185094ea1cef
18097770610:SUCCESS
18097770610:ENCOLADO ans_314b3355-af52-42d7-b532-c66b39402c3c
EJECUTANDO:ans_314b3355-af52-42d7-b532-c66b39402c3c
18097770610:SUCCESS
18097770610:ENCOLADO ans_72f96fff-22ab-4739-ab58-04ef873bf159
EJECUTANDO:ans_72f96fff-22ab-4739-ab58-04ef873bf159
18097770610:SUCCESS
18097770610:ENCOLADO ans_36b166c8-523f-4f79-bbee-130b568c0daf
EJECUTANDO:ans_36b166c8-523f-4f79-bbee-130b568c0daf
18097770610:SUCCESS
18097770610:ENCOLADO ans_88fab26e-7cf3-4d4e-80db-185094ea1cef
EJECUTANDO:ans_88fab26e-7cf3-4d4e-80db-185094ea1cef
18097770610:SUCCESS
18097891159:ENCOLADO ans_36b166c8-523f-4f79-bbee-130b568c0daf
EJECUTANDO:ans_36b166c8-523f-4f79-bbee-130b568c0daf
18097891159:SUCCESS
18097891159:ENCOLADO ans_88fab26e-7cf3-4d4e-80db-185094ea1cef
EJECUTANDO:ans_88fab26e-7cf3-4d4e-80db-185094ea1cef
18097891159:SUCCESS
